<?xml version="1.0" encoding="UTF-8"?>
<testng-results ignored="0" total="1" passed="1" failed="0" skipped="0">
  <reporter-output>
  </reporter-output>
  <suite started-at="2025-01-26T11:53:31 IST" name="Default suite" finished-at="2025-01-26T11:53:47 IST" duration-ms="15771">
    <groups>
      <group name="cucumber">
        <method signature="AbstractTestNGCucumberTests.runScenario(io.cucumber.testng.PickleWrapper,io.cucumber.testng.FeatureWrapper)[pri:0, instance:Steps.RunnerFile@33c911a1]" name="runScenario" class="io.cucumber.testng.AbstractTestNGCucumberTests"/>
      </group> <!-- cucumber -->
    </groups>
    <test started-at="2025-01-26T11:53:31 IST" name="Default test" finished-at="2025-01-26T11:53:47 IST" duration-ms="15771">
      <class name="Steps.RunnerFile">
        <test-method is-config="true" signature="setUpClass(org.testng.ITestContext)[pri:0, instance:Steps.RunnerFile@33c911a1]" started-at="2025-01-26T11:53:31 IST" name="setUpClass" finished-at="2025-01-26T11:53:32 IST" duration-ms="584" status="PASS">
          <params>
            <param index="0">
              <value>
                <![CDATA[org.testng.TestRunner@23940f86]]>
              </value>
            </param>
          </params>
          <reporter-output>
          </reporter-output>
        </test-method> <!-- setUpClass -->
        <test-method signature="runScenario(io.cucumber.testng.PickleWrapper,io.cucumber.testng.FeatureWrapper)[pri:0, instance:Steps.RunnerFile@33c911a1]" started-at="2025-01-26T11:53:32 IST" name="runScenario" description="Runs Cucumber Scenarios" data-provider="scenarios" finished-at="2025-01-26T11:53:47 IST" duration-ms="15114" status="PASS">
          <params>
            <param index="0">
              <value>
                <![CDATA["Check if Login page is successful with valid credentials"]]>
              </value>
            </param>
            <param index="1">
              <value>
                <![CDATA["Amazon Login Automation"]]>
              </value>
            </param>
          </params>
          <reporter-output>
          </reporter-output>
        </test-method> <!-- runScenario -->
        <test-method is-config="true" signature="tearDownClass()[pri:0, instance:Steps.RunnerFile@33c911a1]" started-at="2025-01-26T11:53:47 IST" name="tearDownClass" finished-at="2025-01-26T11:53:47 IST" duration-ms="30" status="PASS">
          <reporter-output>
          </reporter-output>
        </test-method> <!-- tearDownClass -->
      </class> <!-- Steps.RunnerFile -->
    </test> <!-- Default test -->
  </suite> <!-- Default suite -->
</testng-results>
